C:\USERS\VLADP\ONEDRIVE\Документы\VISUAL STUDIO 2012\PROJECTS\LAB11\LAB11\DEBUG\LAB11.PCH
C:\USERS\VLADP\ONEDRIVE\Документы\VISUAL STUDIO 2012\PROJECTS\LAB11\LAB11\DEBUG\STDAFX.OBJ
C:\USERS\VLADP\ONEDRIVE\ДОКУМЕНТЫ\VISUAL STUDIO 2012\PROJECTS\LAB11\LAB11\DEBUG\VC110.PDB
C:\USERS\VLADP\ONEDRIVE\Документы\VISUAL STUDIO 2012\PROJECTS\LAB11\LAB11\DEBUG\LAB11.OBJ
C:\USERS\VLADP\ONEDRIVE\Документы\VISUAL STUDIO 2012\PROJECTS\LAB11\LAB11\DEBUG\LIST.OBJ
C:\Users\vladp\OneDrive\Документы\Visual Studio 2012\Projects\lab11\lab11\Debug\lab11.obj
C:\Users\vladp\OneDrive\Документы\Visual Studio 2012\Projects\lab11\lab11\Debug\list.obj
C:\Users\vladp\OneDrive\Документы\Visual Studio 2012\Projects\lab11\lab11\Debug\stdafx.obj
C:\Users\vladp\OneDrive\Документы\Visual Studio 2012\Projects\lab11\lab11\Debug\cl.command.1.tlog
C:\Users\vladp\OneDrive\Документы\Visual Studio 2012\Projects\lab11\lab11\Debug\CL.read.1.tlog
C:\Users\vladp\OneDrive\Документы\Visual Studio 2012\Projects\lab11\lab11\Debug\CL.write.1.tlog
C:\Users\vladp\OneDrive\Документы\Visual Studio 2012\Projects\lab11\lab11\Debug\link-cvtres.read.1.tlog
C:\Users\vladp\OneDrive\Документы\Visual Studio 2012\Projects\lab11\lab11\Debug\link-cvtres.write.1.tlog
C:\Users\vladp\OneDrive\Документы\Visual Studio 2012\Projects\lab11\lab11\Debug\link-rc.read.1.tlog
C:\Users\vladp\OneDrive\Документы\Visual Studio 2012\Projects\lab11\lab11\Debug\link-rc.write.1.tlog
C:\Users\vladp\OneDrive\Документы\Visual Studio 2012\Projects\lab11\lab11\Debug\link.11300-cvtres.read.1.tlog
C:\Users\vladp\OneDrive\Документы\Visual Studio 2012\Projects\lab11\lab11\Debug\link.11300-cvtres.write.1.tlog
C:\Users\vladp\OneDrive\Документы\Visual Studio 2012\Projects\lab11\lab11\Debug\link.11300-rc.read.1.tlog
C:\Users\vladp\OneDrive\Документы\Visual Studio 2012\Projects\lab11\lab11\Debug\link.11300-rc.write.1.tlog
C:\Users\vladp\OneDrive\Документы\Visual Studio 2012\Projects\lab11\lab11\Debug\link.11300.read.1.tlog
C:\Users\vladp\OneDrive\Документы\Visual Studio 2012\Projects\lab11\lab11\Debug\link.11300.write.1.tlog
C:\Users\vladp\OneDrive\Документы\Visual Studio 2012\Projects\lab11\lab11\Debug\link.command.1.tlog
C:\Users\vladp\OneDrive\Документы\Visual Studio 2012\Projects\lab11\lab11\Debug\link.read.1.tlog
C:\Users\vladp\OneDrive\Документы\Visual Studio 2012\Projects\lab11\lab11\Debug\link.write.1.tlog
C:\Users\vladp\OneDrive\Документы\Visual Studio 2012\Projects\lab11\lab11\Debug\lab11.pch
C:\Users\vladp\OneDrive\Документы\Visual Studio 2012\Projects\lab11\lab11\Debug\vc110.idb
C:\Users\vladp\OneDrive\Документы\Visual Studio 2012\Projects\lab11\lab11\Debug\vc110.pdb
C:\Users\vladp\OneDrive\Документы\Visual Studio 2012\Projects\lab11\Debug\lab11.pdb
C:\Users\vladp\OneDrive\Документы\Visual Studio 2012\Projects\lab11\Debug\lab11.exe
C:\Users\vladp\OneDrive\Документы\Visual Studio 2012\Projects\lab11\Debug\lab11.ilk
